Started GET "/" for ::1 at 2023-01-20 16:22:35 -0700
  
ActiveRecord::NoDatabaseError (We could not find your database: BracketRacket_development. Which can be found in the database configuration file located at config/database.yml.

To resolve this issue:

- Did you create the database for this app, or delete it? You may need to create your database.
- Has the database name changed? Check your database.yml config has the correct database name.

To create your database, run:

        bin/rails db:create
):
  
activerecord (7.0.4.1) lib/active_record/connection_adapters/postgresql_adapter.rb:81:in `rescue in new_client'
activerecord (7.0.4.1) lib/active_record/connection_adapters/postgresql_adapter.rb:77:in `new_client'
activerecord (7.0.4.1) lib/active_record/connection_adapters/postgresql_adapter.rb:37:in `postgresql_connection'
activerecord (7.0.4.1) lib/active_record/connection_adapters/abstract/connection_pool.rb:656:in `public_send'
activerecord (7.0.4.1) lib/active_record/connection_adapters/abstract/connection_pool.rb:656:in `new_connection'
activerecord (7.0.4.1) lib/active_record/connection_adapters/abstract/connection_pool.rb:700:in `checkout_new_connection'
activerecord (7.0.4.1) lib/active_record/connection_adapters/abstract/connection_pool.rb:679:in `try_to_checkout_new_connection'
activerecord (7.0.4.1) lib/active_record/connection_adapters/abstract/connection_pool.rb:640:in `acquire_connection'
activerecord (7.0.4.1) lib/active_record/connection_adapters/abstract/connection_pool.rb:341:in `checkout'
activerecord (7.0.4.1) lib/active_record/connection_adapters/abstract/connection_pool.rb:181:in `connection'
activerecord (7.0.4.1) lib/active_record/connection_adapters/abstract/connection_handler.rb:211:in `retrieve_connection'
activerecord (7.0.4.1) lib/active_record/connection_handling.rb:313:in `retrieve_connection'
activerecord (7.0.4.1) lib/active_record/connection_handling.rb:280:in `connection'
activerecord (7.0.4.1) lib/active_record/migration.rb:613:in `connection'
activerecord (7.0.4.1) lib/active_record/migration.rb:608:in `build_watcher'
activerecord (7.0.4.1) lib/active_record/migration.rb:590:in `block in call'
activerecord (7.0.4.1) lib/active_record/migration.rb:589:in `synchronize'
activerecord (7.0.4.1) lib/active_record/migration.rb:589:in `call'
actionpack (7.0.4.1) lib/action_dispatch/middleware/callbacks.rb:27:in `block in call'
activesupport (7.0.4.1) lib/active_support/callbacks.rb:99:in `run_callbacks'
actionpack (7.0.4.1) lib/action_dispatch/middleware/callbacks.rb:26:in `call'
actionpack (7.0.4.1) lib/action_dispatch/middleware/executor.rb:14:in `call'
actionpack (7.0.4.1) lib/action_dispatch/middleware/actionable_exceptions.rb:17:in `call'
actionpack (7.0.4.1) lib/action_dispatch/middleware/debug_exceptions.rb:28:in `call'
web-console (4.2.0) lib/web_console/middleware.rb:132:in `call_app'
web-console (4.2.0) lib/web_console/middleware.rb:28:in `block in call'
web-console (4.2.0) lib/web_console/middleware.rb:17:in `catch'
web-console (4.2.0) lib/web_console/middleware.rb:17:in `call'
actionpack (7.0.4.1) lib/action_dispatch/middleware/show_exceptions.rb:26:in `call'
railties (7.0.4.1) lib/rails/rack/logger.rb:40:in `call_app'
railties (7.0.4.1) lib/rails/rack/logger.rb:25:in `block in call'
activesupport (7.0.4.1) lib/active_support/tagged_logging.rb:99:in `block in tagged'
activesupport (7.0.4.1) lib/active_support/tagged_logging.rb:37:in `tagged'
activesupport (7.0.4.1) lib/active_support/tagged_logging.rb:99:in `tagged'
railties (7.0.4.1) lib/rails/rack/logger.rb:25:in `call'
sprockets-rails (3.4.2) lib/sprockets/rails/quiet_assets.rb:13:in `call'
actionpack (7.0.4.1) lib/action_dispatch/middleware/remote_ip.rb:93:in `call'
actionpack (7.0.4.1) lib/action_dispatch/middleware/request_id.rb:26:in `call'
rack (2.2.6.2) lib/rack/method_override.rb:24:in `call'
rack (2.2.6.2) lib/rack/runtime.rb:22:in `call'
activesupport (7.0.4.1) lib/active_support/cache/strategy/local_cache_middleware.rb:29:in `call'
actionpack (7.0.4.1) lib/action_dispatch/middleware/server_timing.rb:61:in `block in call'
actionpack (7.0.4.1) lib/action_dispatch/middleware/server_timing.rb:26:in `collect_events'
actionpack (7.0.4.1) lib/action_dispatch/middleware/server_timing.rb:60:in `call'
actionpack (7.0.4.1) lib/action_dispatch/middleware/executor.rb:14:in `call'
actionpack (7.0.4.1) lib/action_dispatch/middleware/static.rb:23:in `call'
rack (2.2.6.2) lib/rack/sendfile.rb:110:in `call'
actionpack (7.0.4.1) lib/action_dispatch/middleware/host_authorization.rb:137:in `call'
railties (7.0.4.1) lib/rails/engine.rb:530:in `call'
puma (5.6.5) lib/puma/configuration.rb:252:in `call'
puma (5.6.5) lib/puma/request.rb:77:in `block in handle_request'
puma (5.6.5) lib/puma/thread_pool.rb:340:in `with_force_shutdown'
puma (5.6.5) lib/puma/request.rb:76:in `handle_request'
puma (5.6.5) lib/puma/server.rb:443:in `process_client'
puma (5.6.5) lib/puma/thread_pool.rb:147:in `block in spawn_thread'
  [1m[35m (196.7ms)[0m  [1m[35mCREATE DATABASE "BracketRacket_development" ENCODING = 'unicode'[0m
  [1m[35m (47.4ms)[0m  [1m[35mCREATE DATABASE "BracketRacket_test" ENCODING = 'unicode'[0m
Started GET "/" for ::1 at 2023-01-20 16:23:05 -0700
Processing by Rails::WelcomeController#index as HTML
  Rendering /opt/homebrew/lib/ruby/gems/3.1.0/gems/railties-7.0.4.1/lib/rails/templates/rails/welcome/index.html.erb
  Rendered /opt/homebrew/lib/ruby/gems/3.1.0/gems/railties-7.0.4.1/lib/rails/templates/rails/welcome/index.html.erb (Duration: 0.5ms | Allocations: 289)
Completed 200 OK in 4ms (Views: 0.9ms | ActiveRecord: 0.0ms | Allocations: 2571)


Started GET "/" for ::1 at 2023-01-20 16:53:51 -0700
  
ActionController::RoutingError (uninitialized constant LoginController

      Object.const_get(camel_cased_word)
            ^^^^^^^^^^

            raise MissingController.new(error.message, error.name)
            ^^^^^):
  
Started GET "/" for ::1 at 2023-01-20 16:54:52 -0700
Processing by HomeController#index as HTML
  Rendering layout layouts/application.html.erb
  Rendering home/index.html.erb within layouts/application
  Rendered home/index.html.erb within layouts/application (Duration: 0.2ms | Allocations: 110)
  Rendered layout layouts/application.html.erb (Duration: 123.8ms | Allocations: 92206)
Completed 200 OK in 125ms (Views: 124.7ms | Allocations: 93160)


  [1m[35m (16.8ms)[0m  [1m[35mCREATE TABLE "schema_migrations" ("version" character varying NOT NULL PRIMARY KEY)[0m
  [1m[35m (9.3ms)[0m  [1m[35mCREATE TABLE "ar_internal_metadata" ("key" character varying NOT NULL PRIMARY KEY, "value" character varying, "created_at" timestamp(6) NOT NULL, "updated_at" timestamp(6) NOT NULL)[0m
  [1m[35m (0.5ms)[0m  [1m[34mSELECT pg_try_advisory_lock(4881488833955526555)[0m
  [1m[36mActiveRecord::SchemaMigration Pluck (1.5ms)[0m  [1m[34mSELECT "schema_migrations"."version" FROM "schema_migrations" ORDER BY "schema_migrations"."version" ASC[0m
Migrating to CreateUsers (20230120235827)
  [1m[36mTRANSACTION (0.1ms)[0m  [1m[35mBEGIN[0m
  [1m[35m (10.5ms)[0m  [1m[35mCREATE TABLE "users" ("id" bigserial primary key, "username" character varying, "team_id" integer, "current_season" integer, "league_id" integer, "created_at" timestamp(6) NOT NULL, "updated_at" timestamp(6) NOT NULL)[0m
  [1m[36mActiveRecord::SchemaMigration Create (0.5ms)[0m  [1m[32mINSERT INTO "schema_migrations" ("version") VALUES ($1) RETURNING "version"[0m  [["version", "20230120235827"]]
  [1m[36mTRANSACTION (0.3ms)[0m  [1m[35mCOMMIT[0m
  [1m[36mActiveRecord::InternalMetadata Load (0.5ms)[0m  [1m[34mSELECT "ar_internal_metadata".* FROM "ar_internal_metadata" WHERE "ar_internal_metadata"."key" = $1 LIMIT $2[0m  [["key", "environment"], ["LIMIT", 1]]
  [1m[36mTRANSACTION (0.1ms)[0m  [1m[35mBEGIN[0m
  [1m[36mActiveRecord::InternalMetadata Create (0.9ms)[0m  [1m[32mINSERT INTO "ar_internal_metadata" ("key", "value", "created_at", "updated_at") VALUES ($1, $2, $3, $4) RETURNING "key"[0m  [["key", "environment"], ["value", "development"], ["created_at", "2023-01-21 00:11:49.969071"], ["updated_at", "2023-01-21 00:11:49.969071"]]
  [1m[36mTRANSACTION (0.4ms)[0m  [1m[35mCOMMIT[0m
  [1m[35m (0.2ms)[0m  [1m[34mSELECT pg_advisory_unlock(4881488833955526555)[0m
  [1m[36mActiveRecord::SchemaMigration Pluck (0.7ms)[0m  [1m[34mSELECT "schema_migrations"."version" FROM "schema_migrations" ORDER BY "schema_migrations"."version" ASC[0m
Started GET "/users/new" for ::1 at 2023-01-21 21:27:53 -0700
  [1m[36mActiveRecord::SchemaMigration Pluck (1.9ms)[0m  [1m[34mSELECT "schema_migrations"."version" FROM "schema_migrations" ORDER BY "schema_migrations"."version" ASC[0m
Processing by UsersController#new as HTML
  Rendering layout layouts/application.html.erb
  Rendering users/new.html.erb within layouts/application
  Rendered users/new.html.erb within layouts/application (Duration: 10.0ms | Allocations: 5875)
  Rendered layout layouts/application.html.erb (Duration: 10.1ms | Allocations: 5985)
Completed 500 Internal Server Error in 29ms (ActiveRecord: 9.5ms | Allocations: 14779)


  
ActionView::Template::Error (undefined method `errors' for nil:NilClass

'.freeze;     @article.errors.full_messages_for(:username).each do |message| 
                      ^^^^^^^):
    4:   <div>
    5:     <%= form.label :username %><br>
    6:     <%= form.text_field :username %>
    7:     <% @article.errors.full_messages_for(:username).each do |message| %>
    8:       <div><%= message %></div>
    9:     <% end %>
   10:   </div>
  
app/views/users/new.html.erb:7
app/views/users/new.html.erb:3
Started GET "/users/new" for ::1 at 2023-01-21 21:28:08 -0700
Processing by UsersController#new as HTML
  Rendering layout layouts/application.html.erb
  Rendering users/new.html.erb within layouts/application
  Rendered users/new.html.erb within layouts/application (Duration: 2.2ms | Allocations: 1360)
  Rendered layout layouts/application.html.erb (Duration: 33.7ms | Allocations: 36489)
Completed 200 OK in 38ms (Views: 35.1ms | ActiveRecord: 0.0ms | Allocations: 37376)


Started POST "/users" for ::1 at 2023-01-21 21:28:12 -0700
Processing by UsersController#create as TURBO_STREAM
  Parameters: {"authenticity_token"=>"[FILTERED]", "user"=>{"username"=>"h"}, "commit"=>"Create User"}
Completed 400 Bad Request in 1ms (ActiveRecord: 0.0ms | Allocations: 890)


  
ActionController::ParameterMissing (param is missing or the value is empty: username):
  
app/controllers/users_controller.rb:29:in `user_params'
app/controllers/users_controller.rb:17:in `create'
Started GET "/users/new" for ::1 at 2023-01-21 21:28:13 -0700
Processing by UsersController#new as HTML
  Rendering layout layouts/application.html.erb
  Rendering users/new.html.erb within layouts/application
  Rendered users/new.html.erb within layouts/application (Duration: 0.8ms | Allocations: 828)
  Rendered layout layouts/application.html.erb (Duration: 2.1ms | Allocations: 3142)
Completed 200 OK in 3ms (Views: 2.4ms | ActiveRecord: 0.0ms | Allocations: 3457)


Started POST "/users" for ::1 at 2023-01-21 21:28:34 -0700
Processing by UsersController#create as TURBO_STREAM
  Parameters: {"authenticity_token"=>"[FILTERED]", "user"=>{"username"=>"Malachi"}, "commit"=>"Create User"}
Completed 400 Bad Request in 1ms (ActiveRecord: 0.0ms | Allocations: 741)


  
ActionController::ParameterMissing (param is missing or the value is empty: username):
  
app/controllers/users_controller.rb:29:in `user_params'
app/controllers/users_controller.rb:17:in `create'
Started GET "/users/new" for ::1 at 2023-01-21 21:28:34 -0700
Processing by UsersController#new as HTML
  Rendering layout layouts/application.html.erb
  Rendering users/new.html.erb within layouts/application
  Rendered users/new.html.erb within layouts/application (Duration: 0.6ms | Allocations: 767)
  Rendered layout layouts/application.html.erb (Duration: 2.1ms | Allocations: 2974)
Completed 200 OK in 3ms (Views: 2.3ms | ActiveRecord: 0.0ms | Allocations: 3250)


Started POST "/users" for ::1 at 2023-01-21 21:29:11 -0700
Processing by UsersController#create as TURBO_STREAM
  Parameters: {"authenticity_token"=>"[FILTERED]", "user"=>{"username"=>"d"}, "commit"=>"Create User"}
Completed 400 Bad Request in 3ms (ActiveRecord: 0.0ms | Allocations: 738)


  
ActionController::ParameterMissing (param is missing or the value is empty: username):
  
app/controllers/users_controller.rb:29:in `user_params'
app/controllers/users_controller.rb:17:in `create'
Started GET "/users/new" for ::1 at 2023-01-21 21:29:12 -0700
Processing by UsersController#new as HTML
  Rendering layout layouts/application.html.erb
  Rendering users/new.html.erb within layouts/application
  Rendered users/new.html.erb within layouts/application (Duration: 0.7ms | Allocations: 761)
  Rendered layout layouts/application.html.erb (Duration: 2.5ms | Allocations: 2968)
Completed 200 OK in 3ms (Views: 2.7ms | ActiveRecord: 0.0ms | Allocations: 3245)


Started POST "/users" for ::1 at 2023-01-21 21:32:09 -0700
Processing by UsersController#create as TURBO_STREAM
  Parameters: {"authenticity_token"=>"[FILTERED]", "user"=>{"username"=>"Boiiiiii"}, "commit"=>"Create User"}
Completed 400 Bad Request in 2ms (ActiveRecord: 0.0ms | Allocations: 733)


  
ActionController::ParameterMissing (param is missing or the value is empty: username):
  
app/controllers/users_controller.rb:29:in `user_params'
app/controllers/users_controller.rb:17:in `create'
Started GET "/users/new" for ::1 at 2023-01-21 21:32:09 -0700
Processing by UsersController#new as HTML
  Rendering layout layouts/application.html.erb
  Rendering users/new.html.erb within layouts/application
  Rendered users/new.html.erb within layouts/application (Duration: 0.6ms | Allocations: 761)
  Rendered layout layouts/application.html.erb (Duration: 1.8ms | Allocations: 2968)
Completed 200 OK in 2ms (Views: 2.1ms | ActiveRecord: 0.0ms | Allocations: 3240)


Started POST "/users" for ::1 at 2023-01-21 21:33:43 -0700
Processing by UsersController#create as TURBO_STREAM
  Parameters: {"authenticity_token"=>"[FILTERED]", "user"=>{"username"=>"s"}, "commit"=>"Create User"}
Completed 500 Internal Server Error in 1ms (ActiveRecord: 0.0ms | Allocations: 1382)


  
TypeError (no implicit conversion of Symbol into Integer):
  
app/controllers/users_controller.rb:29:in `[]'
app/controllers/users_controller.rb:29:in `user_params'
app/controllers/users_controller.rb:17:in `create'
Started GET "/users/new" for ::1 at 2023-01-21 21:36:00 -0700
Processing by UsersController#new as HTML
  Rendering layout layouts/application.html.erb
  Rendering users/new.html.erb within layouts/application
  Rendered users/new.html.erb within layouts/application (Duration: 1.9ms | Allocations: 2526)
  Rendered layout layouts/application.html.erb (Duration: 2.0ms | Allocations: 2614)
Completed 500 Internal Server Error in 12ms (ActiveRecord: 6.4ms | Allocations: 6288)


  
ActionView::Template::Error (undefined method `humanize' for nil:NilClass

      defaults << attribute.humanize
                           ^^^^^^^^^):
    2: 
    3: <%= form_with model: @user do |form| %>
    4:   <div>
    5:     <%= form.label @user[:username] %><br>
    6:     <%= form.text_field @user[:username] %>
    7:     <% @user.errors.full_messages_for(@user[:username]).each do |message| %>
    8:       <div><%= message %></div>
  
app/views/users/new.html.erb:5
app/views/users/new.html.erb:3
Started GET "/users/new" for ::1 at 2023-01-21 21:36:31 -0700
Processing by UsersController#new as HTML
  Rendering layout layouts/application.html.erb
  Rendering users/new.html.erb within layouts/application
  Rendered users/new.html.erb within layouts/application (Duration: 8.4ms | Allocations: 4983)
  Rendered layout layouts/application.html.erb (Duration: 8.7ms | Allocations: 5071)
Completed 500 Internal Server Error in 12ms (ActiveRecord: 0.0ms | Allocations: 5875)


  
ActionView::Template::Error (undefined local variable or method `user' for #<ActionView::Base:0x000000000145a0>

    '.freeze;@output_buffer.append=( form.label user[:username] );@output_buffer.safe_append='<br>
                                                ^^^^
Did you mean?  @user):
    2: 
    3: <%= form_with model: @user do |form| %>
    4:   <div>
    5:     <%= form.label user[:username] %><br>
    6:     <%= form.text_field user[:username] %>
    7:     <% @user.errors.full_messages_for(user[:username]).each do |message| %>
    8:       <div><%= message %></div>
  
app/views/users/new.html.erb:5
app/views/users/new.html.erb:3
Started GET "/users/new" for ::1 at 2023-01-21 21:36:45 -0700
Processing by UsersController#new as HTML
  Rendering layout layouts/application.html.erb
  Rendering users/new.html.erb within layouts/application
  Rendered users/new.html.erb within layouts/application (Duration: 2.5ms | Allocations: 1251)
  Rendered layout layouts/application.html.erb (Duration: 16.3ms | Allocations: 15270)
Completed 200 OK in 25ms (Views: 22.4ms | ActiveRecord: 0.0ms | Allocations: 16114)


Started GET "/users/new" for ::1 at 2023-01-21 21:36:55 -0700
Processing by UsersController#new as HTML
  Rendering layout layouts/application.html.erb
  Rendering users/new.html.erb within layouts/application
  Rendered users/new.html.erb within layouts/application (Duration: 0.9ms | Allocations: 758)
  Rendered layout layouts/application.html.erb (Duration: 3.3ms | Allocations: 2950)
Completed 200 OK in 4ms (Views: 3.7ms | ActiveRecord: 0.0ms | Allocations: 3249)


Started GET "/users/new" for ::1 at 2023-01-21 21:41:55 -0700
Processing by UsersController#new as HTML
  Rendering layout layouts/application.html.erb
  Rendering users/new.html.erb within layouts/application
  Rendered users/new.html.erb within layouts/application (Duration: 1.9ms | Allocations: 1231)
  Rendered layout layouts/application.html.erb (Duration: 4.6ms | Allocations: 3788)
Completed 200 OK in 7ms (Views: 5.7ms | Allocations: 4591)


Started GET "/users/new" for ::1 at 2023-01-21 21:42:27 -0700
Processing by UsersController#new as HTML
  Rendering layout layouts/application.html.erb
  Rendering users/new.html.erb within layouts/application
  Rendered users/new.html.erb within layouts/application (Duration: 1.9ms | Allocations: 1159)
  Rendered layout layouts/application.html.erb (Duration: 4.8ms | Allocations: 3716)
Completed 200 OK in 7ms (Views: 6.1ms | Allocations: 4545)


Started GET "/users/new" for ::1 at 2023-01-21 21:42:58 -0700
Processing by UsersController#new as HTML
  Rendering layout layouts/application.html.erb
  Rendering users/new.html.erb within layouts/application
  Rendered users/new.html.erb within layouts/application (Duration: 8.9ms | Allocations: 4738)
  Rendered layout layouts/application.html.erb (Duration: 9.1ms | Allocations: 4826)
Completed 500 Internal Server Error in 15ms (Allocations: 5627)


  
ActionView::Template::Error (undefined local variable or method `username' for #<ActionView::Base:0x00000000014b40>

'.freeze;@output_buffer.append=  form_with model: @user[username] do |form| @output_buffer.safe_append='
                                                        ^^^^^^^^
Did you mean?  user_path):
    1: <h1>New User</h1>
    2: 
    3: <%= form_with model: @user[username] do |form| %>
    4:   <div>
    5:     <%= form.label :username %><br>
    6:     <%= form.text_field :username %>
  
app/views/users/new.html.erb:3
  [1m[36mTRANSACTION (0.6ms)[0m  [1m[35mBEGIN[0m
  [1m[36mUser Create (5.9ms)[0m  [1m[32mINSERT INTO "users" ("username", "team_id", "current_season", "league_id", "created_at", "updated_at") VALUES ($1, $2, $3, $4, $5, $6) RETURNING "id"[0m  [["username", "Malachi"], ["team_id", nil], ["current_season", nil], ["league_id", nil], ["created_at", "2023-01-22 04:46:20.282659"], ["updated_at", "2023-01-22 04:46:20.282659"]]
  [1m[36mTRANSACTION (6.4ms)[0m  [1m[35mCOMMIT[0m
Started GET "/users/new" for ::1 at 2023-01-21 21:49:02 -0700
Processing by UsersController#new as HTML
  Rendering layout layouts/application.html.erb
  Rendering users/new.html.erb within layouts/application
  Rendered users/new.html.erb within layouts/application (Duration: 1.1ms | Allocations: 1261)
  Rendered layout layouts/application.html.erb (Duration: 8.1ms | Allocations: 15281)
Completed 200 OK in 21ms (Views: 9.2ms | ActiveRecord: 4.9ms | Allocations: 21602)


Started POST "/users" for ::1 at 2023-01-21 21:49:09 -0700
Processing by UsersController#create as TURBO_STREAM
  Parameters: {"authenticity_token"=>"[FILTERED]", "user"=>{"username"=>"Malaboii"}, "commit"=>"Create User"}
Completed 400 Bad Request in 2ms (ActiveRecord: 0.0ms | Allocations: 783)


  
ActionController::ParameterMissing (param is missing or the value is empty: username):
  
app/controllers/users_controller.rb:29:in `user_params'
app/controllers/users_controller.rb:17:in `create'
Started GET "/users/new" for ::1 at 2023-01-21 21:49:09 -0700
Processing by UsersController#new as HTML
  Rendering layout layouts/application.html.erb
  Rendering users/new.html.erb within layouts/application
  Rendered users/new.html.erb within layouts/application (Duration: 0.7ms | Allocations: 755)
  Rendered layout layouts/application.html.erb (Duration: 2.0ms | Allocations: 2962)
Completed 200 OK in 2ms (Views: 2.2ms | ActiveRecord: 0.0ms | Allocations: 3256)


Started POST "/users" for ::1 at 2023-01-21 21:51:05 -0700
Processing by UsersController#create as TURBO_STREAM
  Parameters: {"authenticity_token"=>"[FILTERED]", "user"=>{"username"=>"Malacboii"}, "commit"=>"Create User"}
  [1m[36mTRANSACTION (0.1ms)[0m  [1m[35mBEGIN[0m
  ↳ app/controllers/users_controller.rb:20:in `create'
  [1m[36mUser Create (0.4ms)[0m  [1m[32mINSERT INTO "users" ("username", "team_id", "current_season", "league_id", "created_at", "updated_at") VALUES ($1, $2, $3, $4, $5, $6) RETURNING "id"[0m  [["username", "Malacboii"], ["team_id", nil], ["current_season", nil], ["league_id", 801496021], ["created_at", "2023-01-22 04:51:05.501588"], ["updated_at", "2023-01-22 04:51:05.501588"]]
  ↳ app/controllers/users_controller.rb:20:in `create'
  [1m[36mTRANSACTION (0.3ms)[0m  [1m[35mCOMMIT[0m
  ↳ app/controllers/users_controller.rb:20:in `create'
Redirected to http://localhost:3000/users/2
Completed 302 Found in 14ms (ActiveRecord: 8.6ms | Allocations: 6960)


Started GET "/users/2" for ::1 at 2023-01-21 21:51:05 -0700
Processing by UsersController#show as TURBO_STREAM
  Parameters: {"id"=>"2"}
  [1m[36mUser Load (0.4ms)[0m  [1m[34mSELECT "users".* FROM "users" WHERE "users"."id" = $1 LIMIT $2[0m  [["id", 2], ["LIMIT", 1]]
  ↳ app/controllers/users_controller.rb:7:in `show'
Completed 200 OK in 8ms (Views: 0.3ms | ActiveRecord: 0.6ms | Allocations: 2814)


Started GET "/" for ::1 at 2023-01-23 14:44:15 -0700
  [1m[36mActiveRecord::SchemaMigration Pluck (1.1ms)[0m  [1m[34mSELECT "schema_migrations"."version" FROM "schema_migrations" ORDER BY "schema_migrations"."version" ASC[0m
Processing by HomeController#index as HTML
  Rendering layout layouts/application.html.erb
  Rendering home/index.html.erb within layouts/application
  Rendered home/index.html.erb within layouts/application (Duration: 0.4ms | Allocations: 285)
  Rendered layout layouts/application.html.erb (Duration: 22.8ms | Allocations: 35928)
Completed 200 OK in 26ms (Views: 23.9ms | ActiveRecord: 0.0ms | Allocations: 38929)


Started GET "/" for ::1 at 2023-01-24 12:13:08 -0700
Processing by HomeController#index as HTML
  Rendering layout layouts/application.html.erb
  Rendering home/index.html.erb within layouts/application
  Rendered home/index.html.erb within layouts/application (Duration: 0.1ms | Allocations: 9)
  Rendered layout layouts/application.html.erb (Duration: 6.0ms | Allocations: 2581)
Completed 200 OK in 8ms (Views: 6.6ms | Allocations: 2900)


Started GET "/" for ::1 at 2023-01-24 12:17:38 -0700
Processing by HomeController#index as HTML
  Rendering layout layouts/application.html.erb
  Rendering home/index.html.erb within layouts/application
  Rendered home/index.html.erb within layouts/application (Duration: 10.8ms | Allocations: 11542)
  Rendered layout layouts/application.html.erb (Duration: 11.0ms | Allocations: 11641)
Completed 500 Internal Server Error in 14ms (Allocations: 12445)


  
ActionView::SyntaxErrorInTemplate (Encountered a syntax error while rendering template: check <h1>Bracket Racket</h1>
<%= link_to "Create A New League", user_path(@user:create)%>
<p>Create A New Team</p>
<p>Continue An Existing Season</p>

):
1:    <h1>Bracket Racket</h1>
2:    <%= link_to "Create A New League", user_path(@user:create)%>
3:    <p>Create A New Team</p>
4:    <p>Continue An Existing Season</p>
  
app/views/home/index.html.erb:2: syntax error, unexpected ':', expecting ')'
app/views/home/index.html.erb:2: syntax error, unexpected ':', expecting ')'
app/views/home/index.html.erb:2: syntax error, unexpected ':', expecting ')'
app/views/home/index.html.erb:2: syntax error, unexpected ':', expecting ')'
app/views/home/index.html.erb:2: syntax error, unexpected ':', expecting ')'
app/views/home/index.html.erb:2: syntax error, unexpected ':', expecting ')'
Started GET "/" for ::1 at 2023-01-24 12:18:39 -0700
Processing by HomeController#index as HTML
  Rendering layout layouts/application.html.erb
  Rendering home/index.html.erb within layouts/application
  Rendered home/index.html.erb within layouts/application (Duration: 0.6ms | Allocations: 1118)
  Rendered layout layouts/application.html.erb (Duration: 0.8ms | Allocations: 1208)
Completed 500 Internal Server Error in 3ms (Allocations: 1991)


  
ActionView::SyntaxErrorInTemplate (Encountered a syntax error while rendering template: check <h1>Bracket Racket</h1>
<%= link_to "Create A New League", user_path(@user :create)%>
<p>Create A New Team</p>
<p>Continue An Existing Season</p>

):
1:    <h1>Bracket Racket</h1>
2:    <%= link_to "Create A New League", user_path(@user :create)%>
3:    <p>Create A New Team</p>
4:    <p>Continue An Existing Season</p>
  
app/views/home/index.html.erb:2: syntax error, unexpected ':', expecting ')'
app/views/home/index.html.erb:2: syntax error, unexpected ':', expecting ')'
app/views/home/index.html.erb:2: syntax error, unexpected ':', expecting ')'
app/views/home/index.html.erb:2: syntax error, unexpected ':', expecting ')'
app/views/home/index.html.erb:2: syntax error, unexpected ':', expecting ')'
app/views/home/index.html.erb:2: syntax error, unexpected ':', expecting ')'
Started GET "/" for ::1 at 2023-01-24 12:18:40 -0700
Processing by HomeController#index as HTML
  Rendering layout layouts/application.html.erb
  Rendering home/index.html.erb within layouts/application
  Rendered home/index.html.erb within layouts/application (Duration: 0.5ms | Allocations: 1078)
  Rendered layout layouts/application.html.erb (Duration: 0.6ms | Allocations: 1159)
Completed 500 Internal Server Error in 1ms (Allocations: 1413)


  
ActionView::SyntaxErrorInTemplate (Encountered a syntax error while rendering template: check <h1>Bracket Racket</h1>
<%= link_to "Create A New League", user_path(@user :create)%>
<p>Create A New Team</p>
<p>Continue An Existing Season</p>

):
1:    <h1>Bracket Racket</h1>
2:    <%= link_to "Create A New League", user_path(@user :create)%>
3:    <p>Create A New Team</p>
4:    <p>Continue An Existing Season</p>
  
app/views/home/index.html.erb:2: syntax error, unexpected ':', expecting ')'
app/views/home/index.html.erb:2: syntax error, unexpected ':', expecting ')'
app/views/home/index.html.erb:2: syntax error, unexpected ':', expecting ')'
app/views/home/index.html.erb:2: syntax error, unexpected ':', expecting ')'
app/views/home/index.html.erb:2: syntax error, unexpected ':', expecting ')'
app/views/home/index.html.erb:2: syntax error, unexpected ':', expecting ')'
Started GET "/" for ::1 at 2023-01-24 12:20:46 -0700
Processing by HomeController#index as HTML
  Rendering layout layouts/application.html.erb
  Rendering home/index.html.erb within layouts/application
  Rendered home/index.html.erb within layouts/application (Duration: 0.7ms | Allocations: 789)
  Rendered layout layouts/application.html.erb (Duration: 3.9ms | Allocations: 3573)
Completed 200 OK in 6ms (Views: 5.0ms | Allocations: 4354)


Started GET "/users/new" for ::1 at 2023-01-24 12:20:48 -0700
Processing by UsersController#new as HTML
  Rendering layout layouts/application.html.erb
  Rendering users/new.html.erb within layouts/application
  Rendered users/new.html.erb within layouts/application (Duration: 9.3ms | Allocations: 2639)
  Rendered layout layouts/application.html.erb (Duration: 12.7ms | Allocations: 5046)
Completed 200 OK in 76ms (Views: 14.1ms | ActiveRecord: 31.0ms | Allocations: 14517)


Started GET "/" for ::1 at 2023-01-24 12:21:05 -0700
Processing by HomeController#index as HTML
  Rendering layout layouts/application.html.erb
  Rendering home/index.html.erb within layouts/application
  Rendered home/index.html.erb within layouts/application (Duration: 0.6ms | Allocations: 283)
  Rendered layout layouts/application.html.erb (Duration: 3.5ms | Allocations: 3082)
Completed 200 OK in 7ms (Views: 4.9ms | ActiveRecord: 0.0ms | Allocations: 3924)


